  Source.cpp
c:\users\facem\source\repos\flappy bird\flappy bird\source.cpp(19): warning C4244: аргумент: преобразование "const T" в "T", возможна потеря данных
          with
          [
              T=float
          ]
          and
          [
              T=int
          ]
c:\users\facem\source\repos\flappy bird\flappy bird\source.cpp(65): warning C4244: аргумент: преобразование "T" в "float", возможна потеря данных
          with
          [
              T=unsigned int
          ]
c:\users\facem\source\repos\flappy bird\flappy bird\source.cpp(97): warning C4244: аргумент: преобразование "int" в "float", возможна потеря данных
c:\users\facem\source\repos\flappy bird\flappy bird\source.cpp(108): warning C4244: аргумент: преобразование "int" в "float", возможна потеря данных
c:\users\facem\source\repos\flappy bird\flappy bird\source.cpp(112): warning C4244: аргумент: преобразование "T" в "float", возможна потеря данных
          with
          [
              T=unsigned int
          ]
c:\users\facem\source\repos\flappy bird\flappy bird\source.cpp(142): warning C4244: аргумент: преобразование "T" в "T", возможна потеря данных
          with
          [
              T=unsigned int
          ]
          and
          [
              T=float
          ]
c:\users\facem\source\repos\flappy bird\flappy bird\source.cpp(146): warning C4244: инициализация: преобразование "T" в "float", возможна потеря данных
          with
          [
              T=unsigned int
          ]
c:\users\facem\source\repos\flappy bird\flappy bird\source.cpp(149): warning C4244: инициализация: преобразование "float" в "int", возможна потеря данных
c:\users\facem\source\repos\flappy bird\flappy bird\source.cpp(151): warning C4244: аргумент: преобразование "float" в "T", возможна потеря данных
          with
          [
              T=int
          ]
c:\users\facem\source\repos\flappy bird\flappy bird\source.cpp(161): warning C4244: инициализация: преобразование "T" в "float", возможна потеря данных
          with
          [
              T=unsigned int
          ]
c:\users\facem\source\repos\flappy bird\flappy bird\source.cpp(246): warning C4244: аргумент: преобразование "int" в "float", возможна потеря данных
c:\users\facem\source\repos\flappy bird\flappy bird\source.cpp(247): warning C4244: аргумент: преобразование "int" в "float", возможна потеря данных
c:\users\facem\source\repos\flappy bird\flappy bird\source.cpp(250): warning C4244: аргумент: преобразование "T" в "float", возможна потеря данных
          with
          [
              T=unsigned int
          ]
c:\users\facem\source\repos\flappy bird\flappy bird\source.cpp(251): warning C4244: аргумент: преобразование "int" в "T", возможна потеря данных
          with
          [
              T=float
          ]
c:\users\facem\source\repos\flappy bird\flappy bird\source.cpp(253): warning C4244: аргумент: преобразование "int" в "T", возможна потеря данных
          with
          [
              T=float
          ]
c:\users\facem\source\repos\flappy bird\flappy bird\source.cpp(281): warning C4244: аргумент: преобразование "int" в "float", возможна потеря данных
c:\users\facem\source\repos\flappy bird\flappy bird\source.cpp(282): warning C4244: аргумент: преобразование "int" в "T", возможна потеря данных
          with
          [
              T=float
          ]
c:\users\facem\source\repos\flappy bird\flappy bird\source.cpp(286): warning C4244: аргумент: преобразование "int" в "T", возможна потеря данных
          with
          [
              T=float
          ]
c:\users\facem\source\repos\flappy bird\flappy bird\source.cpp(357): warning C4101: event: неиспользованная локальная переменная
c:\users\facem\source\repos\flappy bird\flappy bird\source.cpp(268): warning C4715: Column::randomH: значение возвращается не при всех путях выполнения
  Flappy Bird.vcxproj -> C:\Users\facem\source\repos\Flappy Bird\x64\Debug\Flappy Bird.exe
